<?xml version="1.1" encoding="UTF-8"?>
<testsuite name="org.northshore.cbri.SentenceAnnotatorTest" tests="1" failures="1" errors="0" timestamp="1970-01-01T00:00:00" hostname="R1001-LT-100-F" time="1.38541889464E9">
  <properties/>
  <testcase name="test" classname="org.northshore.cbri.SentenceAnnotatorTest" time="1.178">
    <failure message="Assertion failed: &#10;&#10;assert sents.size() == 3&#10;       |     |      |&#10;       |     5      false&#10;       [Sentence&#10;          sofa: _InitialView&#10;          begin: 2&#10;          end: 135&#10;          sentenceNumber: 0&#10;          segmentId: &lt;null&gt;&#10;       , Sentence&#10;          sofa: _InitialView&#10;          begin: 137&#10;          end: 301&#10;          sentenceNumber: 0&#10;          segmentId: &lt;null&gt;&#10;       , Sentence&#10;          sofa: _InitialView&#10;          begin: 303&#10;          end: 356&#10;          sentenceNumber: 0&#10;          segmentId: &lt;null&gt;&#10;       , Sentence&#10;          sofa: _InitialView&#10;          begin: 358&#10;          end: 370&#10;          sentenceNumber: 0&#10;          segmentId: &lt;null&gt;&#10;       , Sentence&#10;          sofa: _InitialView&#10;          begin: 371&#10;          end: 402&#10;          sentenceNumber: 0&#10;          segmentId: &lt;null&gt;&#10;       ]&#10;" type="org.codehaus.groovy.runtime.powerassert.PowerAssertionError">Assertion failed: 

assert sents.size() == 3
       |     |      |
       |     5      false
       [Sentence
          sofa: _InitialView
          begin: 2
          end: 135
          sentenceNumber: 0
          segmentId: &lt;null&gt;
       , Sentence
          sofa: _InitialView
          begin: 137
          end: 301
          sentenceNumber: 0
          segmentId: &lt;null&gt;
       , Sentence
          sofa: _InitialView
          begin: 303
          end: 356
          sentenceNumber: 0
          segmentId: &lt;null&gt;
       , Sentence
          sofa: _InitialView
          begin: 358
          end: 370
          sentenceNumber: 0
          segmentId: &lt;null&gt;
       , Sentence
          sofa: _InitialView
          begin: 371
          end: 402
          sentenceNumber: 0
          segmentId: &lt;null&gt;
       ]

	at org.codehaus.groovy.runtime.InvokerHelper.assertFailed(InvokerHelper.java:399)
	at org.codehaus.groovy.runtime.ScriptBytecodeAdapter.assertFailed(ScriptBytecodeAdapter.java:655)
	at org.northshore.cbri.SentenceAnnotatorTest.test(SentenceAnnotatorTest.groovy:51)
	at sun.reflect.NativeMethodAccessorImpl.invoke0(Native Method)
	at sun.reflect.NativeMethodAccessorImpl.invoke(NativeMethodAccessorImpl.java:57)
	at sun.reflect.DelegatingMethodAccessorImpl.invoke(DelegatingMethodAccessorImpl.java:43)
	at java.lang.reflect.Method.invoke(Method.java:606)
	at org.junit.runners.model.FrameworkMethod$1.runReflectiveCall(FrameworkMethod.java:47)
	at org.junit.internal.runners.model.ReflectiveCallable.run(ReflectiveCallable.java:12)
	at org.junit.runners.model.FrameworkMethod.invokeExplosively(FrameworkMethod.java:44)
	at org.junit.internal.runners.statements.InvokeMethod.evaluate(InvokeMethod.java:17)
	at org.junit.internal.runners.statements.RunBefores.evaluate(RunBefores.java:26)
	at org.junit.internal.runners.statements.RunAfters.evaluate(RunAfters.java:27)
	at org.junit.runners.ParentRunner.runLeaf(ParentRunner.java:271)
	at org.junit.runners.BlockJUnit4ClassRunner.runChild(BlockJUnit4ClassRunner.java:70)
	at org.junit.runners.BlockJUnit4ClassRunner.runChild(BlockJUnit4ClassRunner.java:50)
	at org.junit.runners.ParentRunner$3.run(ParentRunner.java:238)
	at org.junit.runners.ParentRunner$1.schedule(ParentRunner.java:63)
	at org.junit.runners.ParentRunner.runChildren(ParentRunner.java:236)
	at org.junit.runners.ParentRunner.access$000(ParentRunner.java:53)
	at org.junit.runners.ParentRunner$2.evaluate(ParentRunner.java:229)
	at org.junit.runners.ParentRunner.run(ParentRunner.java:309)
	at org.gradle.api.internal.tasks.testing.junit.JUnitTestClassExecuter.runTestClass(JUnitTestClassExecuter.java:80)
	at org.gradle.api.internal.tasks.testing.junit.JUnitTestClassExecuter.execute(JUnitTestClassExecuter.java:47)
	at org.gradle.api.internal.tasks.testing.junit.JUnitTestClassProcessor.processTestClass(JUnitTestClassProcessor.java:69)
	at org.gradle.api.internal.tasks.testing.SuiteTestClassProcessor.processTestClass(SuiteTestClassProcessor.java:49)
	at sun.reflect.NativeMethodAccessorImpl.invoke0(Native Method)
	at sun.reflect.NativeMethodAccessorImpl.invoke(NativeMethodAccessorImpl.java:57)
	at sun.reflect.DelegatingMethodAccessorImpl.invoke(DelegatingMethodAccessorImpl.java:43)
	at java.lang.reflect.Method.invoke(Method.java:606)
	at org.gradle.messaging.dispatch.ReflectionDispatch.dispatch(ReflectionDispatch.java:35)
	at org.gradle.messaging.dispatch.ReflectionDispatch.dispatch(ReflectionDispatch.java:24)
	at org.gradle.messaging.dispatch.ContextClassLoaderDispatch.dispatch(ContextClassLoaderDispatch.java:32)
	at org.gradle.messaging.dispatch.ProxyDispatchAdapter$DispatchingInvocationHandler.invoke(ProxyDispatchAdapter.java:93)
	at com.sun.proxy.$Proxy2.processTestClass(Unknown Source)
	at org.gradle.api.internal.tasks.testing.worker.TestWorker.processTestClass(TestWorker.java:103)
	at sun.reflect.NativeMethodAccessorImpl.invoke0(Native Method)
	at sun.reflect.NativeMethodAccessorImpl.invoke(NativeMethodAccessorImpl.java:57)
	at sun.reflect.DelegatingMethodAccessorImpl.invoke(DelegatingMethodAccessorImpl.java:43)
	at java.lang.reflect.Method.invoke(Method.java:606)
	at org.gradle.messaging.dispatch.ReflectionDispatch.dispatch(ReflectionDispatch.java:35)
	at org.gradle.messaging.dispatch.ReflectionDispatch.dispatch(ReflectionDispatch.java:24)
	at org.gradle.messaging.remote.internal.hub.MessageHub$Handler.run(MessageHub.java:355)
	at org.gradle.internal.concurrent.DefaultExecutorFactory$StoppableExecutorImpl$1.run(DefaultExecutorFactory.java:66)
	at java.util.concurrent.ThreadPoolExecutor.runWorker(ThreadPoolExecutor.java:1145)
	at java.util.concurrent.ThreadPoolExecutor$Worker.run(ThreadPoolExecutor.java:615)
	at java.lang.Thread.run(Thread.java:724)
</failure>
  </testcase>
  <system-out><![CDATA[]]></system-out>
  <system-err><![CDATA[Nov 25, 2013 4:34:54 PM opennlp.uima.sentdetect.AbstractSentenceDetector initialize(61)
INFO: Initializing the OpenNLP Sentence annotator.
Nov 25, 2013 4:34:54 PM opennlp.uima.util.AnnotatorUtil getOptionalParameter(448)
INFO: opennlp.uima.IsRemoveExistingAnnotations = not set
Nov 25, 2013 4:34:54 PM opennlp.uima.util.AnnotatorUtil getOptionalParameter(448)
INFO: opennlp.uima.ContainerType = not set
Nov 25, 2013 4:34:54 PM opennlp.uima.util.AnnotatorUtil getOptionalParameter(448)
INFO: opennlp.uima.SentenceType = org.apache.ctakes.typesystem.type.textspan.Sentence
Nov 25, 2013 4:34:54 PM opennlp.uima.util.AnnotatorUtil getOptionalParameter(448)
INFO: opennlp.uima.ProbabilityFeature = not set
]]></system-err>
</testsuite>
